This is pdfTeX, Version 3.14159265-2.6-1.40.20 (TeX Live 2019/Debian) (preloaded format=pdflatex 2020.11.19)  30 NOV 2020 15:02
entering extended mode
 restricted \write18 enabled.
 %&-line parsing enabled.
**user_guide.tex
(./user_guide.tex
LaTeX2e <2020-02-02> patch level 2
L3 programming layer <2020-02-14>
(/usr/share/texlive/texmf-dist/tex/latex/base/article.cls
Document Class: article 2019/12/20 v1.4l Standard LaTeX document class
(/usr/share/texlive/texmf-dist/tex/latex/base/size10.clo
File: size10.clo 2019/12/20 v1.4l Standard LaTeX file (size option)
)
\c@part=\count167
\c@section=\count168
\c@subsection=\count169
\c@subsubsection=\count170
\c@paragraph=\count171
\c@subparagraph=\count172
\c@figure=\count173
\c@table=\count174
\abovecaptionskip=\skip47
\belowcaptionskip=\skip48
\bibindent=\dimen134
)
(/usr/share/texlive/texmf-dist/tex/latex/url/url.sty
\Urlmuskip=\muskip16
Package: url 2013/09/16  ver 3.4  Verb mode for urls, etc.
)
(/usr/share/texlive/texmf-dist/tex/latex/l3backend/l3backend-pdfmode.def
File: l3backend-pdfmode.def 2020-02-03 L3 backend support: PDF mode
\l__kernel_color_stack_int=\count175
\l__pdf_internal_box=\box45
)
(./user_guide.aux)
\openout1 = `user_guide.aux'.

LaTeX Font Info:    Checking defaults for OML/cmm/m/it on input line 7.
LaTeX Font Info:    ... okay on input line 7.
LaTeX Font Info:    Checking defaults for OMS/cmsy/m/n on input line 7.
LaTeX Font Info:    ... okay on input line 7.
LaTeX Font Info:    Checking defaults for OT1/cmr/m/n on input line 7.
LaTeX Font Info:    ... okay on input line 7.
LaTeX Font Info:    Checking defaults for T1/cmr/m/n on input line 7.
LaTeX Font Info:    ... okay on input line 7.
LaTeX Font Info:    Checking defaults for TS1/cmr/m/n on input line 7.
LaTeX Font Info:    ... okay on input line 7.
LaTeX Font Info:    Checking defaults for OMX/cmex/m/n on input line 7.
LaTeX Font Info:    ... okay on input line 7.
LaTeX Font Info:    Checking defaults for U/cmr/m/n on input line 7.
LaTeX Font Info:    ... okay on input line 7.
LaTeX Font Info:    External font `cmex10' loaded for size
(Font)              <12> on input line 8.
LaTeX Font Info:    External font `cmex10' loaded for size
(Font)              <8> on input line 8.
LaTeX Font Info:    External font `cmex10' loaded for size
(Font)              <6> on input line 8.
 (./user_guide.toc
LaTeX Font Info:    External font `cmex10' loaded for size
(Font)              <7> on input line 4.
LaTeX Font Info:    External font `cmex10' loaded for size
(Font)              <5> on input line 4.
)
\tf@toc=\write3
\openout3 = `user_guide.toc'.

 [1

{/var/lib/texmf/fonts/map/pdftex/updmap/pdftex.map}]
Overfull \hbox (14.55946pt too wide) in paragraph at lines 19--20
[]\OT1/cmr/m/n/10 Eseguire lo script \OT1/cmtt/m/n/10 SQL[]DB[]CREATION.sql \OT
1/cmr/m/n/10 per creare e popo-lare il database 
 []


Overfull \hbox (58.13611pt too wide) in paragraph at lines 20--22
\OT1/cmr/m/n/10 ed il campo \OT1/cmtt/m/n/10 connectionURL \OT1/cmr/m/n/10 nell
a sezione \OT1/cmtt/m/n/10 Realm \OT1/cmr/m/n/10 nel file \OT1/cmtt/m/n/10 "/ME
TA-INF/context.xml"
 []

LaTeX Font Info:    Trying to load font information for TS1+cmtt on input line 
33.
(/usr/share/texlive/texmf-dist/tex/latex/base/ts1cmtt.fd
File: ts1cmtt.fd 2019/12/16 v2.5j Standard LaTeX font definitions
)
Overfull \hbox (34.55334pt too wide) in paragraph at lines 33--34
[]\OT1/cmr/m/n/10 Spostare il file \OT1/cmtt/m/n/10 .jar "/WEB-INF/lib/my-sql-c
onnector-java-8.0.13.jar"
 []

[2] [3]
Overfull \hbox (3.76614pt too wide) in paragraph at lines 53--53
[]\OT1/cmr/bx/n/14.4 Funzionalit^^Ra che non richiedono au-t-en-ti-cazione 
 []

[4] [5] [6] [7] [8] (./user_guide.aux) ) 
Here is how much of TeX's memory you used:
 497 strings out of 483183
 8079 string characters out of 5966291
 236602 words of memory out of 5000000
 15571 multiletter control sequences out of 15000+600000
 537393 words of font info for 41 fonts, out of 8000000 for 9000
 14 hyphenation exceptions out of 8191
 25i,6n,21p,686b,323s stack positions out of 5000i,500n,10000p,200000b,80000s
 </home/frank/.texlive2019/texmf-var/fo
nts/pk/ljfour/jknappen/ec/tctt1000.600pk> </home/frank/.texlive2019/texmf-var/f
onts/pk/ljfour/jknappen/ec/tcrm1000.600pk></usr/share/texlive/texmf-dist/fonts/
type1/public/amsfonts/cm/cmbx10.pfb></usr/share/texlive/texmf-dist/fonts/type1/
public/amsfonts/cm/cmbx12.pfb></usr/share/texlive/texmf-dist/fonts/type1/public
/amsfonts/cm/cmr10.pfb></usr/share/texlive/texmf-dist/fonts/type1/public/amsfon
ts/cm/cmr12.pfb></usr/share/texlive/texmf-dist/fonts/type1/public/amsfonts/cm/c
mr17.pfb></usr/share/texlive/texmf-dist/fonts/type1/public/amsfonts/cm/cmtt10.p
fb>
Output written on user_guide.pdf (8 pages, 103400 bytes).
PDF statistics:
 65 PDF objects out of 1000 (max. 8388607)
 46 compressed objects within 1 object stream
 0 named destinations out of 1000 (max. 500000)
 1 words of extra memory for PDF output out of 10000 (max. 10000000)

